##########################################
 Welcome to the beautiful game of Chess 
##########################################
(game|setup) : 
 8     _   _   _   _
 7   _   _   _   _  
 6     _   _   _   _
 5   _   _   _   _  
 4     _   _   _   _
 3   _   _   _   _  
 2     _   _   _   _
 1   _   _   _   _  
                    
                    
     a b c d e f g h
(setup mode |+|-|=|done) : 
 8     _   _   _   _
 7   _   _   _   _  
 6     _   _   _   _
 5   _   _   _   _  
 4     _   _   _   _
 3   _   _   _   _  
 2     _   _   _   _
 1   R   _   _   _  
                    
                    
     a b c d e f g h
(setup mode |+|-|=|done) : 
 8   r _   _   _   _
 7   _   _   _   _  
 6     _   _   _   _
 5   _   _   _   _  
 4     _   _   _   _
 3   _   _   _   _  
 2     _   _   _   _
 1   R   _   _   _  
                    
                    
     a b c d e f g h
(setup mode |+|-|=|done) : 
 8   r _   _   _   _
 7   _   _   _   _  
 6     _   _   _   _
 5   _   _   _   _  
 4     _   _   _   _
 3   _   _   _   _  
 2   P _   _   _   _
 1   R   _   _   _  
                    
                    
     a b c d e f g h
(setup mode |+|-|=|done) : 
 8   r _   _   _   _
 7   p   _   _   _  
 6     _   _   _   _
 5   _   _   _   _  
 4     _   _   _   _
 3   _   _   _   _  
 2   P _   _   _   _
 1   R   _   _   _  
                    
                    
     a b c d e f g h
(setup mode |+|-|=|done) : 
 8   r _   _   _   _
 7   p   _   _   _  
 6     _   _   _   _
 5   _   _   _   _  
 4     _   _   _   _
 3   _   _   _   _  
 2   P _   _   _   _
 1   R N _   _   _  
                    
                    
     a b c d e f g h
(setup mode |+|-|=|done) : 
 8   r n   _   _   _
 7   p   _   _   _  
 6     _   _   _   _
 5   _   _   _   _  
 4     _   _   _   _
 3   _   _   _   _  
 2   P _   _   _   _
 1   R N _   _   _  
                    
                    
     a b c d e f g h
(setup mode |+|-|=|done) : 
 8   r n   _   _   _
 7   p   _   _   _  
 6     _   _   _   _
 5   _   _   _   _  
 4     _   _   _   _
 3   _   _   _   _  
 2   P P   _   _   _
 1   R N _   _   _  
                    
                    
     a b c d e f g h
(setup mode |+|-|=|done) : 
 8   r n   _   _   _
 7   p p _   _   _  
 6     _   _   _   _
 5   _   _   _   _  
 4     _   _   _   _
 3   _   _   _   _  
 2   P P   _   _   _
 1   R N _   _   _  
                    
                    
     a b c d e f g h
(setup mode |+|-|=|done) : 
 8   r n   _   _   _
 7   p p _   _   _  
 6     _   _   _   _
 5   _   _   _   _  
 4     _   _   _   _
 3   _   _   _   _  
 2   P P   _   _   _
 1   R N B   _   _  
                    
                    
     a b c d e f g h
(setup mode |+|-|=|done) : 
 8   r n b _   _   _
 7   p p _   _   _  
 6     _   _   _   _
 5   _   _   _   _  
 4     _   _   _   _
 3   _   _   _   _  
 2   P P   _   _   _
 1   R N B   _   _  
                    
                    
     a b c d e f g h
(setup mode |+|-|=|done) : 
 8   r n b _   _   _
 7   p p _   _   _  
 6     _   _   _   _
 5   _   _   _   _  
 4     _   _   _   _
 3   _   _   _   _  
 2   P P P _   _   _
 1   R N B   _   _  
                    
                    
     a b c d e f g h
(setup mode |+|-|=|done) : 
 8   r n b _   _   _
 7   p p p   _   _  
 6     _   _   _   _
 5   _   _   _   _  
 4     _   _   _   _
 3   _   _   _   _  
 2   P P P _   _   _
 1   R N B   _   _  
                    
                    
     a b c d e f g h
(setup mode |+|-|=|done) : 
 8   r n b _   _   _
 7   p p p   _   _  
 6     _   _   _   _
 5   _   _   _   _  
 4     _   _   _   _
 3   _   _   _   _  
 2   P P P _   _   _
 1   R N B Q _   _  
                    
                    
     a b c d e f g h
(setup mode |+|-|=|done) : 
 8   r n b q   _   _
 7   p p p   _   _  
 6     _   _   _   _
 5   _   _   _   _  
 4     _   _   _   _
 3   _   _   _   _  
 2   P P P _   _   _
 1   R N B Q _   _  
                    
                    
     a b c d e f g h
(setup mode |+|-|=|done) : 
 8   r n b q   _   _
 7   p p p   _   _  
 6     _   _   _   _
 5   _   _   _   _  
 4     _   _   _   _
 3   _   _   _   _  
 2   P P P P   _   _
 1   R N B Q _   _  
                    
                    
     a b c d e f g h
(setup mode |+|-|=|done) : 
 8   r n b q   _   _
 7   p p p p _   _  
 6     _   _   _   _
 5   _   _   _   _  
 4     _   _   _   _
 3   _   _   _   _  
 2   P P P P   _   _
 1   R N B Q _   _  
                    
                    
     a b c d e f g h
(setup mode |+|-|=|done) : 
 8   r n b q   _   _
 7   p p p p _   _  
 6     _   _   _   _
 5   _   _   _   _  
 4     _   _   _   _
 3   _   _   _   _  
 2   P P P P   _   _
 1   R N B Q K   _  
                    
                    
     a b c d e f g h
(setup mode |+|-|=|done) : 
 8   r n b q k _   _
 7   p p p p _   _  
 6     _   _   _   _
 5   _   _   _   _  
 4     _   _   _   _
 3   _   _   _   _  
 2   P P P P   _   _
 1   R N B Q K   _  
                    
                    
     a b c d e f g h
(setup mode |+|-|=|done) : 
 8   r n b q k _   _
 7   p p p p _   _  
 6     _   _   _   _
 5   _   _   _   _  
 4     _   _   _   _
 3   _   _   _   _  
 2   P P P P P _   _
 1   R N B Q K   _  
                    
                    
     a b c d e f g h
(setup mode |+|-|=|done) : 
 8   r n b q k _   _
 7   p p p p p   _  
 6     _   _   _   _
 5   _   _   _   _  
 4     _   _   _   _
 3   _   _   _   _  
 2   P P P P P _   _
 1   R N B Q K   _  
                    
                    
     a b c d e f g h
(setup mode |+|-|=|done) : 
 8   r n b q k _   _
 7   p p p p p   _  
 6     _   _   _   _
 5   _   _   _   _  
 4     _   _   _   _
 3   _   _   _   _  
 2   P P P P P _   _
 1   R N B Q K B _  
                    
                    
     a b c d e f g h
(setup mode |+|-|=|done) : 
 8   r n b q k b   _
 7   p p p p p   _  
 6     _   _   _   _
 5   _   _   _   _  
 4     _   _   _   _
 3   _   _   _   _  
 2   P P P P P _   _
 1   R N B Q K B _  
                    
                    
     a b c d e f g h
(setup mode |+|-|=|done) : 
 8   r n b q k b   _
 7   p p p p p   _  
 6     _   _   _   _
 5   _   _   _   _  
 4     _   _   _   _
 3   _   _   _   _  
 2   P P P P P P   _
 1   R N B Q K B _  
                    
                    
     a b c d e f g h
(setup mode |+|-|=|done) : 
 8   r n b q k b   _
 7   p p p p p p _  
 6     _   _   _   _
 5   _   _   _   _  
 4     _   _   _   _
 3   _   _   _   _  
 2   P P P P P P   _
 1   R N B Q K B _  
                    
                    
     a b c d e f g h
(setup mode |+|-|=|done) : 
 8   r n b q k b   _
 7   p p p p p p _  
 6     _   _   _   _
 5   _   _   _   _  
 4     _   _   _   _
 3   _   _   _   _  
 2   P P P P P P   _
 1   R N B Q K B N  
                    
                    
     a b c d e f g h
(setup mode |+|-|=|done) : 
 8   r n b q k b n _
 7   p p p p p p _  
 6     _   _   _   _
 5   _   _   _   _  
 4     _   _   _   _
 3   _   _   _   _  
 2   P P P P P P   _
 1   R N B Q K B N  
                    
                    
     a b c d e f g h
(setup mode |+|-|=|done) : 
 8   r n b q k b n _
 7   p p p p p p _  
 6     _   _   _   _
 5   _   _   _   _  
 4     _   _   _   _
 3   _   _   _   _  
 2   P P P P P P P _
 1   R N B Q K B N  
                    
                    
     a b c d e f g h
(setup mode |+|-|=|done) : 
 8   r n b q k b n _
 7   p p p p p p p  
 6     _   _   _   _
 5   _   _   _   _  
 4     _   _   _   _
 3   _   _   _   _  
 2   P P P P P P P _
 1   R N B Q K B N  
                    
                    
     a b c d e f g h
(setup mode |+|-|=|done) : 
 8   r n b q k b n _
 7   p p p p p p p  
 6     _   _   _   _
 5   _   _   _   _  
 4     _   _   _   _
 3   _   _   _   _  
 2   P P P P P P P _
 1   R N B Q K B N R
                    
                    
     a b c d e f g h
(setup mode |+|-|=|done) : 
 8   r n b q k b n r
 7   p p p p p p p  
 6     _   _   _   _
 5   _   _   _   _  
 4     _   _   _   _
 3   _   _   _   _  
 2   P P P P P P P _
 1   R N B Q K B N R
                    
                    
     a b c d e f g h
(setup mode |+|-|=|done) : 
 8   r n b q k b n r
 7   p p p p p p p  
 6     _   _   _   _
 5   _   _   _   _  
 4     _   _   _   _
 3   _   _   _   _  
 2   P P P P P P P P
 1   R N B Q K B N R
                    
                    
     a b c d e f g h
(setup mode |+|-|=|done) : 
 8   r n b q k b n r
 7   p p p p p p p p
 6     _   _   _   _
 5   _   _   _   _  
 4     _   _   _   _
 3   _   _   _   _  
 2   P P P P P P P P
 1   R N B Q K B N R
                    
                    
     a b c d e f g h
(setup mode |+|-|=|done) : 
 8   r n b q k b n r
 7   p p p p p p p p
 6     _   _   _   _
 5   _   _   _   _  
 4     _   _   _   _
 3   _   _   _   _  
 2   P P P P P P P P
 1   R N B Q K B N R
                    
                    
     a b c d e f g h
(setup mode |+|-|=|done) : 
 8   r n b q k b n r
 7   p p p p p p p p
 6     _   _   _   _
 5   _   _   _   _  
 4     _   _   _   _
 3   _   _   _   _  
 2   P P P P P P P P
 1   R N B Q K B N R
                    
                    
     a b c d e f g h
chess :: Done Now 
(game|setup|move) : 
 8   r n b q k b n r
 7   p p p p p p p p
 6     _   _   _   _
 5   _   _   _   _  
 4     _   _ P _   _
 3   _   _   _   _  
 2   P P P P   P P P
 1   R N B Q K B N R
                    
                    
     a b c d e f g h
(game|setup|move) : 
 8   r n b q k b n r
 7   p p p p _ p p p
 6     _   _   _   _
 5   _   _   p   _  
 4     _   _ P _   _
 3   _   _   _   _  
 2   P P P P   P P P
 1   R N B Q K B N R
                    
                    
     a b c d e f g h
(game|setup|move) : 
 8   r n b q k b n r
 7   p p p p _ p p p
 6     _   _   _   _
 5   _   _   p   _  
 4     _   _ P _   _
 3   _   _   _ N _  
 2   P P P P   P P P
 1   R N B Q K B _ R
                    
                    
     a b c d e f g h
(game|setup|move) : 
 8   r n b q k b n r
 7   p p p p _   p p
 6     _   _   p   _
 5   _   _   p   _  
 4     _   _ P _   _
 3   _   _   _ N _  
 2   P P P P   P P P
 1   R N B Q K B _ R
                    
                    
     a b c d e f g h
(game|setup|move) : 
 8   r n b q k b n r
 7   p p p p _   p p
 6     _   _   p   _
 5   _   _   N   _  
 4     _   _ P _   _
 3   _   _   _   _  
 2   P P P P   P P P
 1   R N B Q K B _ R
                    
                    
     a b c d e f g h
(game|setup|move) : 
 8   r n b q k b n r
 7   p p p p _   p p
 6     _   _   _   _
 5   _   _   p   _  
 4     _   _ P _   _
 3   _   _   _   _  
 2   P P P P   P P P
 1   R N B Q K B _ R
                    
                    
     a b c d e f g h
(game|setup|move) : 
 8   r n b q k b n r
 7   p p p p _   p p
 6     _   _   _   _
 5   _   _   p   _ Q
 4     _   _ P _   _
 3   _   _   _   _  
 2   P P P P   P P P
 1   R N B   K B _ R
                    
                    
     a b c d e f g h
Black is in check.
(game|setup|move) : 
 8   r n b q   b n r
 7   p p p p k   p p
 6     _   _   _   _
 5   _   _   p   _ Q
 4     _   _ P _   _
 3   _   _   _   _  
 2   P P P P   P P P
 1   R N B   K B _ R
                    
                    
     a b c d e f g h
(game|setup|move) : 
 8   r n b q   b n r
 7   p p p p k   p p
 6     _   _   _   _
 5   _   _   Q   _  
 4     _   _ P _   _
 3   _   _   _   _  
 2   P P P P   P P P
 1   R N B   K B _ R
                    
                    
     a b c d e f g h
Black is in check.
(game|setup|move) : 
 8   r n b q   b n r
 7   p p p p _ k p p
 6     _   _   _   _
 5   _   _   Q   _  
 4     _   _ P _   _
 3   _   _   _   _  
 2   P P P P   P P P
 1   R N B   K B _ R
                    
                    
     a b c d e f g h
(game|setup|move) : 
 8   r n b q   b n r
 7   p p p p _ k p p
 6     _   _   _   _
 5   _   _   Q   _  
 4     _ B _ P _   _
 3   _   _   _   _  
 2   P P P P   P P P
 1   R N B   K   _ R
                    
                    
     a b c d e f g h
Black is in check.
(game|setup|move) : 
 8   r n b q   b n r
 7   p p p   _ k p p
 6     _   _   _   _
 5   _   _ p Q   _  
 4     _ B _ P _   _
 3   _   _   _   _  
 2   P P P P   P P P
 1   R N B   K   _ R
                    
                    
     a b c d e f g h
(game|setup|move) : 
 8   r n b q   b n r
 7   p p p   _ k p p
 6     _   _   _   _
 5   _   _ B Q   _  
 4     _   _ P _   _
 3   _   _   _   _  
 2   P P P P   P P P
 1   R N B   K   _ R
                    
                    
     a b c d e f g h
Black is in check.
(game|setup|move) : 
 8   r n b q   b n r
 7   p p p   _   p p
 6     _   _   _ k _
 5   _   _ B Q   _  
 4     _   _ P _   _
 3   _   _   _   _  
 2   P P P P   P P P
 1   R N B   K   _ R
                    
                    
     a b c d e f g h
(game|setup|move) : 
 8   r n b q   b n r
 7   p p p   _   p p
 6     _   _   _ k _
 5   _   _ B Q   _  
 4     _   _ P _   P
 3   _   _   _   _  
 2   P P P P   P P _
 1   R N B   K   _ R
                    
                    
     a b c d e f g h
(game|setup|move) : 
 8   r n b q   b n r
 7   p p p   _   p  
 6     _   _   _ k _
 5   _   _ B Q   _ p
 4     _   _ P _   P
 3   _   _   _   _  
 2   P P P P   P P _
 1   R N B   K   _ R
                    
                    
     a b c d e f g h
(game|setup|move) : 
 8   r n b q   b n r
 7   p B p   _   p  
 6     _   _   _ k _
 5   _   _   Q   _ p
 4     _   _ P _   P
 3   _   _   _   _  
 2   P P P P   P P _
 1   R N B   K   _ R
                    
                    
     a b c d e f g h
(game|setup|move) : 
 8   r n   q   b n r
 7   p b p   _   p  
 6     _   _   _ k _
 5   _   _   Q   _ p
 4     _   _ P _   P
 3   _   _   _   _  
 2   P P P P   P P _
 1   R N B   K   _ R
                    
                    
     a b c d e f g h
(game|setup|move) : 
 8   r n   q   b n r
 7   p b p   _   p  
 6     _   _   _ k _
 5   _   _   _ Q _ p
 4     _   _ P _   P
 3   _   _   _   _  
 2   P P P P   P P _
 1   R N B   K   _ R
                    
                    
     a b c d e f g h
Black is in check.
(game|setup|move) : 
 8   r n   q   b n r
 7   p b p   _   p  
 6     _   _   _   k
 5   _   _   _ Q _ p
 4     _   _ P _   P
 3   _   _   _   _  
 2   P P P P   P P _
 1   R N B   K   _ R
                    
                    
     a b c d e f g h
(game|setup|move) : 
 8   r n   q   b n r
 7   p b p   _   p  
 6     _   _   _   k
 5   _   _   _ Q _ p
 4     _   P P _   P
 3   _   _   _   _  
 2   P P P _   P P _
 1   R N B   K   _ R
                    
                    
     a b c d e f g h
Black is in check.
(game|setup|move) : 
 8   r n   q   b n r
 7   p b p   _   _  
 6     _   _   _   k
 5   _   _   _ Q p p
 4     _   P P _   P
 3   _   _   _   _  
 2   P P P _   P P _
 1   R N B   K   _ R
                    
                    
     a b c d e f g h
(game|setup|move) : 
 8   r n   q   b n r
 7   p b p   _ Q _  
 6     _   _   _   k
 5   _   _   _   p p
 4     _   P P _   P
 3   _   _   _   _  
 2   P P P _   P P _
 1   R N B   K   _ R
                    
                    
     a b c d e f g h
(game|setup|move) : 
 8   r n   _   b n r
 7   p b p   q Q _  
 6     _   _   _   k
 5   _   _   _   p p
 4     _   P P _   P
 3   _   _   _   _  
 2   P P P _   P P _
 1   R N B   K   _ R
                    
                    
     a b c d e f g h
(game|setup|move) : 
 8   r n   _   b n r
 7   p b p   q Q _  
 6     _   _   _   k
 5   _   _   _   P p
 4     _   P P _   _
 3   _   _   _   _  
 2   P P P _   P P _
 1   R N B   K   _ R
                    
                    
     a b c d e f g h
Black is in check.
(game|setup|move) : 
 8   r n   _   b n r
 7   p b p   _ Q _  
 6     _   _   _   k
 5   _   _   _   q p
 4     _   P P _   _
 3   _   _   _   _  
 2   P P P _   P P _
 1   R N B   K   _ R
                    
                    
     a b c d e f g h
(game|setup|move) : 
 8   r n   _   b n r
 7   p b p   _ Q _  
 6     _   _   _   k
 5   _   _   _   q R
 4     _   P P _   _
 3   _   _   _   _  
 2   P P P _   P P _
 1   R N B   K   _  
                    
                    
     a b c d e f g h
 Checkmate! White wins!

(game|setup) : Game Ended 
