##########################################
 Welcome to the beautiful game of Chess 
##########################################
(game|setup) : 
 8     _   _   _   _
 7   _   _   _   _  
 6     _   _   _   _
 5   _   _   _   _  
 4     _   _   _   _
 3   _   _   _   _  
 2     _   _   _   _
 1   _   _   _   _  
                    
                    
     a b c d e f g h
(setup mode |+|-|=|done) : 
 8     _   _   _   _
 7   _   _   _   _  
 6     _   _   _   _
 5   _   _   _   _  
 4     _   _   _   _
 3   _   _   K   _  
 2     _   _   _   _
 1   _   _   _   _  
                    
                    
     a b c d e f g h
(setup mode |+|-|=|done) : 
 8     _   _   _   _
 7   _   _ k _   _  
 6     _   _   _   _
 5   _   _   _   _  
 4     _   _   _   _
 3   _   _   K   _  
 2     _   _   _   _
 1   _   _   _   _  
                    
                    
     a b c d e f g h
(setup mode |+|-|=|done) : 
 8     _   _   _   _
 7   _   _ k _   _  
 6     _   _   _   _
 5   _   _   _   _  
 4     _   _   _   _
 3   _   _   K   _  
 2     _   _   P   _
 1   _   _   _   _  
                    
                    
     a b c d e f g h
(setup mode |+|-|=|done) : 
 8     _   _   _   _
 7   _   _ k _   _  
 6     _   _   _ p _
 5   _   _   _   _  
 4     _   _   _   _
 3   _   _   K   _  
 2     _   _   P   _
 1   _   _   _   _  
                    
                    
     a b c d e f g h
(setup mode |+|-|=|done) : 
invalid command 
(setup mode |+|-|=|done) : 
Game Ended 
Destructor of DisplayText 
